2019-10-18 08:43:36.097  INFO 4336 --- [main] c.j.m.MicroAppServiceApplication         : Starting MicroAppServiceApplication on 50HW015964 with PID 4336 (C:\Users\1757749\Documents\GitHubRepository\MicroAppService\micro-app-service\bin\main started by 1757749 in C:\Users\1757749\Documents\GitHubRepository\MicroAppService\micro-app-service)
2019-10-18 08:43:36.105  INFO 4336 --- [main] c.j.m.MicroAppServiceApplication         : No active profile set, falling back to default profiles: default
2019-10-18 08:43:36.734  INFO 4336 --- [main] .s.d.r.c.RepositoryConfigurationDelegate : Bootstrapping Spring Data repositories in DEFAULT mode.
2019-10-18 08:43:36.807  INFO 4336 --- [main] .s.d.r.c.RepositoryConfigurationDelegate : Finished Spring Data repository scanning in 68ms. Found 6 repository interfaces.
2019-10-18 08:43:37.032  INFO 4336 --- [main] trationDelegate$BeanPostProcessorChecker : Bean 'org.springframework.transaction.annotation.ProxyTransactionManagementConfiguration' of type [org.springframework.transaction.annotation.ProxyTransactionManagementConfiguration$$EnhancerBySpringCGLIB$$5fa72150] is not eligible for getting processed by all BeanPostProcessors (for example: not eligible for auto-proxying)
2019-10-18 08:43:37.229  INFO 4336 --- [main] o.s.b.w.embedded.tomcat.TomcatWebServer  : Tomcat initialized with port(s): 8080 (http)
2019-10-18 08:43:37.246  INFO 4336 --- [main] o.apache.catalina.core.StandardService   : Starting service [Tomcat]
2019-10-18 08:43:37.247  INFO 4336 --- [main] org.apache.catalina.core.StandardEngine  : Starting Servlet engine: [Apache Tomcat/9.0.26]
2019-10-18 08:43:37.455  INFO 4336 --- [main] o.a.c.c.C.[Tomcat].[localhost].[/]       : Initializing Spring embedded WebApplicationContext
2019-10-18 08:43:37.455  INFO 4336 --- [main] o.s.web.context.ContextLoader            : Root WebApplicationContext: initialization completed in 1312 ms
2019-10-18 08:43:37.513  WARN 4336 --- [main] ConfigServletWebServerApplicationContext : Exception encountered during context initialization - cancelling refresh attempt: org.springframework.beans.factory.UnsatisfiedDependencyException: Error creating bean with name 'org.springframework.boot.autoconfigure.orm.jpa.HibernateJpaConfiguration': Unsatisfied dependency expressed through constructor parameter 0; nested exception is org.springframework.beans.factory.BeanCreationException: Error creating bean with name 'dataSource' defined in class path resource [org/springframework/boot/autoconfigure/jdbc/DataSourceConfiguration$Hikari.class]: Bean instantiation via factory method failed; nested exception is org.springframework.beans.BeanInstantiationException: Failed to instantiate [com.zaxxer.hikari.HikariDataSource]: Factory method 'dataSource' threw exception; nested exception is org.springframework.boot.autoconfigure.jdbc.DataSourceProperties$DataSourceBeanCreationException: Failed to determine a suitable driver class
2019-10-18 08:43:37.515  INFO 4336 --- [main] o.apache.catalina.core.StandardService   : Stopping service [Tomcat]
2019-10-18 08:43:37.524  INFO 4336 --- [main] ConditionEvaluationReportLoggingListener : 

Error starting ApplicationContext. To display the conditions report re-run your application with 'debug' enabled.
2019-10-18 08:43:37.526 ERROR 4336 --- [main] o.s.b.d.LoggingFailureAnalysisReporter   : 

***************************
APPLICATION FAILED TO START
***************************

Description:

Failed to configure a DataSource: 'url' attribute is not specified and no embedded datasource could be configured.

Reason: Failed to determine a suitable driver class


Action:

Consider the following:
	If you want an embedded database (H2, HSQL or Derby), please put it on the classpath.
	If you have database settings to be loaded from a particular profile you may need to activate it (no profiles are currently active).

2019-10-18 08:52:10.532  INFO 3404 --- [main] c.j.m.MicroAppServiceApplication         : Starting MicroAppServiceApplication on 50HW015964 with PID 3404 (C:\Users\1757749\Documents\GitHubRepository\MicroAppService\micro-app-service\bin\main started by 1757749 in C:\Users\1757749\Documents\GitHubRepository\MicroAppService\micro-app-service)
2019-10-18 08:52:10.534  INFO 3404 --- [main] c.j.m.MicroAppServiceApplication         : No active profile set, falling back to default profiles: default
2019-10-18 08:52:10.954  INFO 3404 --- [main] .s.d.r.c.RepositoryConfigurationDelegate : Bootstrapping Spring Data repositories in DEFAULT mode.
2019-10-18 08:52:11.016  INFO 3404 --- [main] .s.d.r.c.RepositoryConfigurationDelegate : Finished Spring Data repository scanning in 57ms. Found 6 repository interfaces.
2019-10-18 08:52:11.210  INFO 3404 --- [main] trationDelegate$BeanPostProcessorChecker : Bean 'org.springframework.transaction.annotation.ProxyTransactionManagementConfiguration' of type [org.springframework.transaction.annotation.ProxyTransactionManagementConfiguration$$EnhancerBySpringCGLIB$$d2dd2320] is not eligible for getting processed by all BeanPostProcessors (for example: not eligible for auto-proxying)
2019-10-18 08:52:11.418  INFO 3404 --- [main] o.s.b.w.embedded.tomcat.TomcatWebServer  : Tomcat initialized with port(s): 8080 (http)
2019-10-18 08:52:11.434  INFO 3404 --- [main] o.apache.catalina.core.StandardService   : Starting service [Tomcat]
2019-10-18 08:52:11.434  INFO 3404 --- [main] org.apache.catalina.core.StandardEngine  : Starting Servlet engine: [Apache Tomcat/9.0.26]
2019-10-18 08:52:11.535  INFO 3404 --- [main] o.a.c.c.C.[Tomcat].[localhost].[/]       : Initializing Spring embedded WebApplicationContext
2019-10-18 08:52:11.535  INFO 3404 --- [main] o.s.web.context.ContextLoader            : Root WebApplicationContext: initialization completed in 978 ms
2019-10-18 08:52:11.649  INFO 3404 --- [main] com.zaxxer.hikari.HikariDataSource       : HikariPool-1 - Starting...
2019-10-18 08:52:12.254  INFO 3404 --- [main] com.zaxxer.hikari.HikariDataSource       : HikariPool-1 - Start completed.
2019-10-18 08:52:12.295  INFO 3404 --- [main] o.hibernate.jpa.internal.util.LogHelper  : HHH000204: Processing PersistenceUnitInfo [
	name: default
	...]
2019-10-18 08:52:12.333  INFO 3404 --- [main] org.hibernate.Version                    : HHH000412: Hibernate Core {5.3.12.Final}
2019-10-18 08:52:12.334  INFO 3404 --- [main] org.hibernate.cfg.Environment            : HHH000206: hibernate.properties not found
2019-10-18 08:52:12.486  INFO 3404 --- [main] o.hibernate.annotations.common.Version   : HCANN000001: Hibernate Commons Annotations {5.0.4.Final}
2019-10-18 08:52:12.590  INFO 3404 --- [main] org.hibernate.dialect.Dialect            : HHH000400: Using dialect: org.hibernate.dialect.MySQL5Dialect
2019-10-18 08:52:13.073  INFO 3404 --- [main] j.LocalContainerEntityManagerFactoryBean : Initialized JPA EntityManagerFactory for persistence unit 'default'
2019-10-18 08:52:13.441  INFO 3404 --- [main] o.s.s.concurrent.ThreadPoolTaskExecutor  : Initializing ExecutorService 'applicationTaskExecutor'
2019-10-18 08:52:13.469  WARN 3404 --- [main] aWebConfiguration$JpaWebMvcConfiguration : spring.jpa.open-in-view is enabled by default. Therefore, database queries may be performed during view rendering. Explicitly configure spring.jpa.open-in-view to disable this warning
2019-10-18 08:52:13.615  INFO 3404 --- [main] o.s.b.w.embedded.tomcat.TomcatWebServer  : Tomcat started on port(s): 8080 (http) with context path ''
2019-10-18 08:52:13.617  INFO 3404 --- [main] c.j.m.MicroAppServiceApplication         : Started MicroAppServiceApplication in 3.322 seconds (JVM running for 4.473)
2019-10-18 08:52:25.048  INFO 3404 --- [RMI TCP Connection(8)-127.0.0.1] inMXBeanRegistrar$SpringApplicationAdmin : Application shutdown requested.
2019-10-18 08:52:25.050  INFO 3404 --- [RMI TCP Connection(8)-127.0.0.1] o.s.s.concurrent.ThreadPoolTaskExecutor  : Shutting down ExecutorService 'applicationTaskExecutor'
2019-10-18 08:52:25.052  INFO 3404 --- [RMI TCP Connection(8)-127.0.0.1] j.LocalContainerEntityManagerFactoryBean : Closing JPA EntityManagerFactory for persistence unit 'default'
2019-10-18 08:52:25.054  INFO 3404 --- [RMI TCP Connection(8)-127.0.0.1] com.zaxxer.hikari.HikariDataSource       : HikariPool-1 - Shutdown initiated...
2019-10-18 08:52:25.058  INFO 3404 --- [RMI TCP Connection(8)-127.0.0.1] com.zaxxer.hikari.HikariDataSource       : HikariPool-1 - Shutdown completed.
2019-10-18 09:13:20.691  INFO 3080 --- [main] c.j.m.MicroAppServiceApplication         : Starting MicroAppServiceApplication on 50HW015964 with PID 3080 (C:\Users\1757749\Documents\GitHubRepository\MicroAppService\micro-app-service\bin\main started by 1757749 in C:\Users\1757749\Documents\GitHubRepository\MicroAppService\micro-app-service)
2019-10-18 09:13:20.694  INFO 3080 --- [main] c.j.m.MicroAppServiceApplication         : No active profile set, falling back to default profiles: default
2019-10-18 09:13:21.131  INFO 3080 --- [main] .s.d.r.c.RepositoryConfigurationDelegate : Bootstrapping Spring Data repositories in DEFAULT mode.
2019-10-18 09:13:21.193  INFO 3080 --- [main] .s.d.r.c.RepositoryConfigurationDelegate : Finished Spring Data repository scanning in 57ms. Found 6 repository interfaces.
2019-10-18 09:13:21.387  INFO 3080 --- [main] trationDelegate$BeanPostProcessorChecker : Bean 'org.springframework.transaction.annotation.ProxyTransactionManagementConfiguration' of type [org.springframework.transaction.annotation.ProxyTransactionManagementConfiguration$$EnhancerBySpringCGLIB$$69b03999] is not eligible for getting processed by all BeanPostProcessors (for example: not eligible for auto-proxying)
2019-10-18 09:13:21.575  INFO 3080 --- [main] o.s.b.w.embedded.tomcat.TomcatWebServer  : Tomcat initialized with port(s): 8080 (http)
2019-10-18 09:13:21.592  INFO 3080 --- [main] o.apache.catalina.core.StandardService   : Starting service [Tomcat]
2019-10-18 09:13:21.592  INFO 3080 --- [main] org.apache.catalina.core.StandardEngine  : Starting Servlet engine: [Apache Tomcat/9.0.26]
2019-10-18 09:13:21.692  INFO 3080 --- [main] o.a.c.c.C.[Tomcat].[localhost].[/]       : Initializing Spring embedded WebApplicationContext
2019-10-18 09:13:21.692  INFO 3080 --- [main] o.s.web.context.ContextLoader            : Root WebApplicationContext: initialization completed in 972 ms
2019-10-18 09:13:21.793  INFO 3080 --- [main] com.zaxxer.hikari.HikariDataSource       : HikariPool-1 - Starting...
2019-10-18 09:13:22.398  INFO 3080 --- [main] com.zaxxer.hikari.HikariDataSource       : HikariPool-1 - Start completed.
2019-10-18 09:13:22.438  INFO 3080 --- [main] o.hibernate.jpa.internal.util.LogHelper  : HHH000204: Processing PersistenceUnitInfo [
	name: default
	...]
2019-10-18 09:13:22.476  INFO 3080 --- [main] org.hibernate.Version                    : HHH000412: Hibernate Core {5.3.12.Final}
2019-10-18 09:13:22.477  INFO 3080 --- [main] org.hibernate.cfg.Environment            : HHH000206: hibernate.properties not found
2019-10-18 09:13:22.589  INFO 3080 --- [main] o.hibernate.annotations.common.Version   : HCANN000001: Hibernate Commons Annotations {5.0.4.Final}
2019-10-18 09:13:22.692  INFO 3080 --- [main] org.hibernate.dialect.Dialect            : HHH000400: Using dialect: org.hibernate.dialect.MySQL5Dialect
2019-10-18 09:13:23.116  INFO 3080 --- [main] j.LocalContainerEntityManagerFactoryBean : Initialized JPA EntityManagerFactory for persistence unit 'default'
2019-10-18 09:13:23.445  INFO 3080 --- [main] o.s.s.concurrent.ThreadPoolTaskExecutor  : Initializing ExecutorService 'applicationTaskExecutor'
2019-10-18 09:13:23.467  WARN 3080 --- [main] aWebConfiguration$JpaWebMvcConfiguration : spring.jpa.open-in-view is enabled by default. Therefore, database queries may be performed during view rendering. Explicitly configure spring.jpa.open-in-view to disable this warning
2019-10-18 09:13:23.602  INFO 3080 --- [main] o.s.b.w.embedded.tomcat.TomcatWebServer  : Tomcat started on port(s): 8080 (http) with context path ''
2019-10-18 09:13:23.603  INFO 3080 --- [main] c.j.m.MicroAppServiceApplication         : Started MicroAppServiceApplication in 3.161 seconds (JVM running for 4.276)
2019-10-18 09:14:52.849  INFO 3080 --- [http-nio-8080-exec-1] o.a.c.c.C.[Tomcat].[localhost].[/]       : Initializing Spring DispatcherServlet 'dispatcherServlet'
2019-10-18 09:14:52.849  INFO 3080 --- [http-nio-8080-exec-1] o.s.web.servlet.DispatcherServlet        : Initializing Servlet 'dispatcherServlet'
2019-10-18 09:14:52.855  INFO 3080 --- [http-nio-8080-exec-1] o.s.web.servlet.DispatcherServlet        : Completed initialization in 6 ms
2019-10-18 09:14:52.871  WARN 3080 --- [http-nio-8080-exec-1] .w.s.m.s.DefaultHandlerExceptionResolver : Resolved [org.springframework.web.HttpMediaTypeNotSupportedException: Content type '' not supported]
2019-10-18 09:15:04.859  INFO 3080 --- [RMI TCP Connection(13)-127.0.0.1] inMXBeanRegistrar$SpringApplicationAdmin : Application shutdown requested.
2019-10-18 09:15:04.861  INFO 3080 --- [RMI TCP Connection(13)-127.0.0.1] o.s.s.concurrent.ThreadPoolTaskExecutor  : Shutting down ExecutorService 'applicationTaskExecutor'
2019-10-18 09:15:04.862  INFO 3080 --- [RMI TCP Connection(13)-127.0.0.1] j.LocalContainerEntityManagerFactoryBean : Closing JPA EntityManagerFactory for persistence unit 'default'
2019-10-18 09:15:04.864  INFO 3080 --- [RMI TCP Connection(13)-127.0.0.1] com.zaxxer.hikari.HikariDataSource       : HikariPool-1 - Shutdown initiated...
2019-10-18 09:15:04.867  INFO 3080 --- [RMI TCP Connection(13)-127.0.0.1] com.zaxxer.hikari.HikariDataSource       : HikariPool-1 - Shutdown completed.
2019-10-18 09:15:17.717  INFO 11688 --- [main] c.j.m.MicroAppServiceApplication         : Starting MicroAppServiceApplication on 50HW015964 with PID 11688 (C:\Users\1757749\Documents\GitHubRepository\MicroAppService\micro-app-service\bin\main started by 1757749 in C:\Users\1757749\Documents\GitHubRepository\MicroAppService\micro-app-service)
2019-10-18 09:15:17.719  INFO 11688 --- [main] c.j.m.MicroAppServiceApplication         : No active profile set, falling back to default profiles: default
2019-10-18 09:15:18.162  INFO 11688 --- [main] .s.d.r.c.RepositoryConfigurationDelegate : Bootstrapping Spring Data repositories in DEFAULT mode.
2019-10-18 09:15:18.224  INFO 11688 --- [main] .s.d.r.c.RepositoryConfigurationDelegate : Finished Spring Data repository scanning in 56ms. Found 6 repository interfaces.
2019-10-18 09:15:18.427  INFO 11688 --- [main] trationDelegate$BeanPostProcessorChecker : Bean 'org.springframework.transaction.annotation.ProxyTransactionManagementConfiguration' of type [org.springframework.transaction.annotation.ProxyTransactionManagementConfiguration$$EnhancerBySpringCGLIB$$79945ef7] is not eligible for getting processed by all BeanPostProcessors (for example: not eligible for auto-proxying)
2019-10-18 09:15:18.619  INFO 11688 --- [main] o.s.b.w.embedded.tomcat.TomcatWebServer  : Tomcat initialized with port(s): 8080 (http)
2019-10-18 09:15:18.637  INFO 11688 --- [main] o.apache.catalina.core.StandardService   : Starting service [Tomcat]
2019-10-18 09:15:18.637  INFO 11688 --- [main] org.apache.catalina.core.StandardEngine  : Starting Servlet engine: [Apache Tomcat/9.0.26]
2019-10-18 09:15:18.741  INFO 11688 --- [main] o.a.c.c.C.[Tomcat].[localhost].[/]       : Initializing Spring embedded WebApplicationContext
2019-10-18 09:15:18.741  INFO 11688 --- [main] o.s.web.context.ContextLoader            : Root WebApplicationContext: initialization completed in 996 ms
2019-10-18 09:15:18.857  INFO 11688 --- [main] com.zaxxer.hikari.HikariDataSource       : HikariPool-1 - Starting...
2019-10-18 09:15:19.467  INFO 11688 --- [main] com.zaxxer.hikari.HikariDataSource       : HikariPool-1 - Start completed.
2019-10-18 09:15:19.513  INFO 11688 --- [main] o.hibernate.jpa.internal.util.LogHelper  : HHH000204: Processing PersistenceUnitInfo [
	name: default
	...]
2019-10-18 09:15:19.556  INFO 11688 --- [main] org.hibernate.Version                    : HHH000412: Hibernate Core {5.3.12.Final}
2019-10-18 09:15:19.557  INFO 11688 --- [main] org.hibernate.cfg.Environment            : HHH000206: hibernate.properties not found
2019-10-18 09:15:19.674  INFO 11688 --- [main] o.hibernate.annotations.common.Version   : HCANN000001: Hibernate Commons Annotations {5.0.4.Final}
2019-10-18 09:15:19.781  INFO 11688 --- [main] org.hibernate.dialect.Dialect            : HHH000400: Using dialect: org.hibernate.dialect.MySQL5Dialect
2019-10-18 09:15:20.203  INFO 11688 --- [main] j.LocalContainerEntityManagerFactoryBean : Initialized JPA EntityManagerFactory for persistence unit 'default'
2019-10-18 09:15:20.536  INFO 11688 --- [main] o.s.s.concurrent.ThreadPoolTaskExecutor  : Initializing ExecutorService 'applicationTaskExecutor'
2019-10-18 09:15:20.561  WARN 11688 --- [main] aWebConfiguration$JpaWebMvcConfiguration : spring.jpa.open-in-view is enabled by default. Therefore, database queries may be performed during view rendering. Explicitly configure spring.jpa.open-in-view to disable this warning
2019-10-18 09:15:20.713  INFO 11688 --- [main] o.s.b.w.embedded.tomcat.TomcatWebServer  : Tomcat started on port(s): 8080 (http) with context path ''
2019-10-18 09:15:20.715  INFO 11688 --- [main] c.j.m.MicroAppServiceApplication         : Started MicroAppServiceApplication in 3.242 seconds (JVM running for 4.411)
2019-10-18 09:15:28.294  INFO 11688 --- [http-nio-8080-exec-1] o.a.c.c.C.[Tomcat].[localhost].[/]       : Initializing Spring DispatcherServlet 'dispatcherServlet'
2019-10-18 09:15:28.295  INFO 11688 --- [http-nio-8080-exec-1] o.s.web.servlet.DispatcherServlet        : Initializing Servlet 'dispatcherServlet'
2019-10-18 09:15:28.300  INFO 11688 --- [http-nio-8080-exec-1] o.s.web.servlet.DispatcherServlet        : Completed initialization in 5 ms
2019-10-18 09:15:28.313  WARN 11688 --- [http-nio-8080-exec-1] .w.s.m.s.DefaultHandlerExceptionResolver : Resolved [org.springframework.web.HttpMediaTypeNotSupportedException: Content type '' not supported]
2019-10-18 09:15:30.027  WARN 11688 --- [http-nio-8080-exec-3] .w.s.m.s.DefaultHandlerExceptionResolver : Resolved [org.springframework.web.HttpMediaTypeNotSupportedException: Content type '' not supported]
2019-10-18 09:15:31.435  WARN 11688 --- [http-nio-8080-exec-5] .w.s.m.s.DefaultHandlerExceptionResolver : Resolved [org.springframework.web.HttpMediaTypeNotSupportedException: Content type '' not supported]
2019-10-18 09:17:25.222  INFO 11688 --- [RMI TCP Connection(11)-127.0.0.1] inMXBeanRegistrar$SpringApplicationAdmin : Application shutdown requested.
2019-10-18 09:17:25.226  INFO 11688 --- [RMI TCP Connection(11)-127.0.0.1] o.s.s.concurrent.ThreadPoolTaskExecutor  : Shutting down ExecutorService 'applicationTaskExecutor'
2019-10-18 09:17:25.228  INFO 11688 --- [RMI TCP Connection(11)-127.0.0.1] j.LocalContainerEntityManagerFactoryBean : Closing JPA EntityManagerFactory for persistence unit 'default'
2019-10-18 09:17:25.229  INFO 11688 --- [RMI TCP Connection(11)-127.0.0.1] com.zaxxer.hikari.HikariDataSource       : HikariPool-1 - Shutdown initiated...
2019-10-18 09:17:25.233  INFO 11688 --- [RMI TCP Connection(11)-127.0.0.1] com.zaxxer.hikari.HikariDataSource       : HikariPool-1 - Shutdown completed.
2019-10-18 09:17:37.354  INFO 7496 --- [main] c.j.m.MicroAppServiceApplication         : Starting MicroAppServiceApplication on 50HW015964 with PID 7496 (C:\Users\1757749\Documents\GitHubRepository\MicroAppService\micro-app-service\bin\main started by 1757749 in C:\Users\1757749\Documents\GitHubRepository\MicroAppService\micro-app-service)
2019-10-18 09:17:37.357  INFO 7496 --- [main] c.j.m.MicroAppServiceApplication         : No active profile set, falling back to default profiles: default
2019-10-18 09:17:37.812  INFO 7496 --- [main] .s.d.r.c.RepositoryConfigurationDelegate : Bootstrapping Spring Data repositories in DEFAULT mode.
2019-10-18 09:17:37.873  INFO 7496 --- [main] .s.d.r.c.RepositoryConfigurationDelegate : Finished Spring Data repository scanning in 57ms. Found 6 repository interfaces.
2019-10-18 09:17:38.068  INFO 7496 --- [main] trationDelegate$BeanPostProcessorChecker : Bean 'org.springframework.transaction.annotation.ProxyTransactionManagementConfiguration' of type [org.springframework.transaction.annotation.ProxyTransactionManagementConfiguration$$EnhancerBySpringCGLIB$$a7cef749] is not eligible for getting processed by all BeanPostProcessors (for example: not eligible for auto-proxying)
2019-10-18 09:17:38.261  INFO 7496 --- [main] o.s.b.w.embedded.tomcat.TomcatWebServer  : Tomcat initialized with port(s): 8080 (http)
2019-10-18 09:17:38.277  INFO 7496 --- [main] o.apache.catalina.core.StandardService   : Starting service [Tomcat]
2019-10-18 09:17:38.277  INFO 7496 --- [main] org.apache.catalina.core.StandardEngine  : Starting Servlet engine: [Apache Tomcat/9.0.26]
2019-10-18 09:17:38.375  INFO 7496 --- [main] o.a.c.c.C.[Tomcat].[localhost].[/]       : Initializing Spring embedded WebApplicationContext
2019-10-18 09:17:38.375  INFO 7496 --- [main] o.s.web.context.ContextLoader            : Root WebApplicationContext: initialization completed in 991 ms
2019-10-18 09:17:38.491  INFO 7496 --- [main] com.zaxxer.hikari.HikariDataSource       : HikariPool-1 - Starting...
2019-10-18 09:17:39.083  INFO 7496 --- [main] com.zaxxer.hikari.HikariDataSource       : HikariPool-1 - Start completed.
2019-10-18 09:17:39.125  INFO 7496 --- [main] o.hibernate.jpa.internal.util.LogHelper  : HHH000204: Processing PersistenceUnitInfo [
	name: default
	...]
2019-10-18 09:17:39.166  INFO 7496 --- [main] org.hibernate.Version                    : HHH000412: Hibernate Core {5.3.12.Final}
2019-10-18 09:17:39.167  INFO 7496 --- [main] org.hibernate.cfg.Environment            : HHH000206: hibernate.properties not found
2019-10-18 09:17:39.270  INFO 7496 --- [main] o.hibernate.annotations.common.Version   : HCANN000001: Hibernate Commons Annotations {5.0.4.Final}
2019-10-18 09:17:39.378  INFO 7496 --- [main] org.hibernate.dialect.Dialect            : HHH000400: Using dialect: org.hibernate.dialect.MySQL5Dialect
2019-10-18 09:17:39.798  INFO 7496 --- [main] j.LocalContainerEntityManagerFactoryBean : Initialized JPA EntityManagerFactory for persistence unit 'default'
2019-10-18 09:17:40.133  INFO 7496 --- [main] o.s.s.concurrent.ThreadPoolTaskExecutor  : Initializing ExecutorService 'applicationTaskExecutor'
2019-10-18 09:17:40.156  WARN 7496 --- [main] aWebConfiguration$JpaWebMvcConfiguration : spring.jpa.open-in-view is enabled by default. Therefore, database queries may be performed during view rendering. Explicitly configure spring.jpa.open-in-view to disable this warning
2019-10-18 09:17:40.288  INFO 7496 --- [main] o.s.b.w.embedded.tomcat.TomcatWebServer  : Tomcat started on port(s): 8080 (http) with context path ''
2019-10-18 09:17:40.290  INFO 7496 --- [main] c.j.m.MicroAppServiceApplication         : Started MicroAppServiceApplication in 3.185 seconds (JVM running for 4.306)
2019-10-18 09:17:44.937  INFO 7496 --- [http-nio-8080-exec-1] o.a.c.c.C.[Tomcat].[localhost].[/]       : Initializing Spring DispatcherServlet 'dispatcherServlet'
2019-10-18 09:17:44.937  INFO 7496 --- [http-nio-8080-exec-1] o.s.web.servlet.DispatcherServlet        : Initializing Servlet 'dispatcherServlet'
2019-10-18 09:17:44.943  INFO 7496 --- [http-nio-8080-exec-1] o.s.web.servlet.DispatcherServlet        : Completed initialization in 6 ms
2019-10-18 09:17:44.998  INFO 7496 --- [http-nio-8080-exec-1] o.h.h.i.QueryTranslatorFactoryInitiator  : HHH000397: Using ASTQueryTranslatorFactory
2019-10-18 09:17:45.080  WARN 7496 --- [http-nio-8080-exec-1] o.h.engine.jdbc.spi.SqlExceptionHelper   : SQL Error: 1054, SQLState: 42S22
2019-10-18 09:17:45.080 ERROR 7496 --- [http-nio-8080-exec-1] o.h.engine.jdbc.spi.SqlExceptionHelper   : Unknown column 'person0_.id_person' in 'field list'
2019-10-18 09:17:57.937  INFO 7496 --- [RMI TCP Connection(7)-127.0.0.1] inMXBeanRegistrar$SpringApplicationAdmin : Application shutdown requested.
2019-10-18 09:17:57.939  INFO 7496 --- [RMI TCP Connection(7)-127.0.0.1] o.s.s.concurrent.ThreadPoolTaskExecutor  : Shutting down ExecutorService 'applicationTaskExecutor'
2019-10-18 09:17:57.940  INFO 7496 --- [RMI TCP Connection(7)-127.0.0.1] j.LocalContainerEntityManagerFactoryBean : Closing JPA EntityManagerFactory for persistence unit 'default'
2019-10-18 09:17:57.941  INFO 7496 --- [RMI TCP Connection(7)-127.0.0.1] com.zaxxer.hikari.HikariDataSource       : HikariPool-1 - Shutdown initiated...
2019-10-18 09:17:57.951  INFO 7496 --- [RMI TCP Connection(7)-127.0.0.1] com.zaxxer.hikari.HikariDataSource       : HikariPool-1 - Shutdown completed.
2019-10-18 09:18:03.400  INFO 14700 --- [main] c.j.m.MicroAppServiceApplication         : Starting MicroAppServiceApplication on 50HW015964 with PID 14700 (C:\Users\1757749\Documents\GitHubRepository\MicroAppService\micro-app-service\bin\main started by 1757749 in C:\Users\1757749\Documents\GitHubRepository\MicroAppService\micro-app-service)
2019-10-18 09:18:03.404  INFO 14700 --- [main] c.j.m.MicroAppServiceApplication         : No active profile set, falling back to default profiles: default
2019-10-18 09:18:03.908  INFO 14700 --- [main] .s.d.r.c.RepositoryConfigurationDelegate : Bootstrapping Spring Data repositories in DEFAULT mode.
2019-10-18 09:18:03.982  INFO 14700 --- [main] .s.d.r.c.RepositoryConfigurationDelegate : Finished Spring Data repository scanning in 68ms. Found 6 repository interfaces.
2019-10-18 09:18:04.210  INFO 14700 --- [main] trationDelegate$BeanPostProcessorChecker : Bean 'org.springframework.transaction.annotation.ProxyTransactionManagementConfiguration' of type [org.springframework.transaction.annotation.ProxyTransactionManagementConfiguration$$EnhancerBySpringCGLIB$$a57bee3b] is not eligible for getting processed by all BeanPostProcessors (for example: not eligible for auto-proxying)
2019-10-18 09:18:04.439  INFO 14700 --- [main] o.s.b.w.embedded.tomcat.TomcatWebServer  : Tomcat initialized with port(s): 8080 (http)
2019-10-18 09:18:04.456  INFO 14700 --- [main] o.apache.catalina.core.StandardService   : Starting service [Tomcat]
2019-10-18 09:18:04.456  INFO 14700 --- [main] org.apache.catalina.core.StandardEngine  : Starting Servlet engine: [Apache Tomcat/9.0.26]
2019-10-18 09:18:04.563  INFO 14700 --- [main] o.a.c.c.C.[Tomcat].[localhost].[/]       : Initializing Spring embedded WebApplicationContext
2019-10-18 09:18:04.564  INFO 14700 --- [main] o.s.web.context.ContextLoader            : Root WebApplicationContext: initialization completed in 1133 ms
2019-10-18 09:18:04.702  INFO 14700 --- [main] com.zaxxer.hikari.HikariDataSource       : HikariPool-1 - Starting...
2019-10-18 09:18:05.338  INFO 14700 --- [main] com.zaxxer.hikari.HikariDataSource       : HikariPool-1 - Start completed.
2019-10-18 09:18:05.384  INFO 14700 --- [main] o.hibernate.jpa.internal.util.LogHelper  : HHH000204: Processing PersistenceUnitInfo [
	name: default
	...]
2019-10-18 09:18:05.434  INFO 14700 --- [main] org.hibernate.Version                    : HHH000412: Hibernate Core {5.3.12.Final}
2019-10-18 09:18:05.436  INFO 14700 --- [main] org.hibernate.cfg.Environment            : HHH000206: hibernate.properties not found
2019-10-18 09:18:05.572  INFO 14700 --- [main] o.hibernate.annotations.common.Version   : HCANN000001: Hibernate Commons Annotations {5.0.4.Final}
2019-10-18 09:18:05.697  INFO 14700 --- [main] org.hibernate.dialect.Dialect            : HHH000400: Using dialect: org.hibernate.dialect.MySQL5Dialect
2019-10-18 09:18:06.226  INFO 14700 --- [main] j.LocalContainerEntityManagerFactoryBean : Initialized JPA EntityManagerFactory for persistence unit 'default'
2019-10-18 09:18:06.668  INFO 14700 --- [main] o.s.s.concurrent.ThreadPoolTaskExecutor  : Initializing ExecutorService 'applicationTaskExecutor'
2019-10-18 09:18:06.694  WARN 14700 --- [main] aWebConfiguration$JpaWebMvcConfiguration : spring.jpa.open-in-view is enabled by default. Therefore, database queries may be performed during view rendering. Explicitly configure spring.jpa.open-in-view to disable this warning
2019-10-18 09:18:06.853  INFO 14700 --- [main] o.s.b.w.embedded.tomcat.TomcatWebServer  : Tomcat started on port(s): 8080 (http) with context path ''
2019-10-18 09:18:06.855  INFO 14700 --- [main] c.j.m.MicroAppServiceApplication         : Started MicroAppServiceApplication in 3.739 seconds (JVM running for 5.06)
2019-10-18 09:18:10.205  INFO 14700 --- [http-nio-8080-exec-1] o.a.c.c.C.[Tomcat].[localhost].[/]       : Initializing Spring DispatcherServlet 'dispatcherServlet'
2019-10-18 09:18:10.206  INFO 14700 --- [http-nio-8080-exec-1] o.s.web.servlet.DispatcherServlet        : Initializing Servlet 'dispatcherServlet'
2019-10-18 09:18:10.212  INFO 14700 --- [http-nio-8080-exec-1] o.s.web.servlet.DispatcherServlet        : Completed initialization in 6 ms
2019-10-18 09:18:19.970  INFO 14700 --- [http-nio-8080-exec-1] o.h.h.i.QueryTranslatorFactoryInitiator  : HHH000397: Using ASTQueryTranslatorFactory
2019-10-18 09:18:21.521  WARN 14700 --- [http-nio-8080-exec-1] o.h.engine.jdbc.spi.SqlExceptionHelper   : SQL Error: 1054, SQLState: 42S22
2019-10-18 09:18:21.527 ERROR 14700 --- [http-nio-8080-exec-1] o.h.engine.jdbc.spi.SqlExceptionHelper   : Unknown column 'person0_.id_person' in 'field list'
2019-10-18 09:19:32.427  INFO 14700 --- [RMI TCP Connection(13)-127.0.0.1] inMXBeanRegistrar$SpringApplicationAdmin : Application shutdown requested.
2019-10-18 09:19:32.430  INFO 14700 --- [RMI TCP Connection(13)-127.0.0.1] o.s.s.concurrent.ThreadPoolTaskExecutor  : Shutting down ExecutorService 'applicationTaskExecutor'
2019-10-18 09:19:32.433  INFO 14700 --- [RMI TCP Connection(13)-127.0.0.1] j.LocalContainerEntityManagerFactoryBean : Closing JPA EntityManagerFactory for persistence unit 'default'
2019-10-18 09:19:32.435  INFO 14700 --- [RMI TCP Connection(13)-127.0.0.1] com.zaxxer.hikari.HikariDataSource       : HikariPool-1 - Shutdown initiated...
2019-10-18 09:19:32.441  INFO 14700 --- [RMI TCP Connection(13)-127.0.0.1] com.zaxxer.hikari.HikariDataSource       : HikariPool-1 - Shutdown completed.
2019-10-18 09:22:59.369  INFO 2452 --- [main] c.j.m.MicroAppServiceApplication         : Starting MicroAppServiceApplication on 50HW015964 with PID 2452 (C:\Users\1757749\Documents\GitHubRepository\MicroAppService\micro-app-service\bin\main started by 1757749 in C:\Users\1757749\Documents\GitHubRepository\MicroAppService\micro-app-service)
2019-10-18 09:22:59.371  INFO 2452 --- [main] c.j.m.MicroAppServiceApplication         : No active profile set, falling back to default profiles: default
2019-10-18 09:22:59.872  INFO 2452 --- [main] .s.d.r.c.RepositoryConfigurationDelegate : Bootstrapping Spring Data repositories in DEFAULT mode.
2019-10-18 09:22:59.963  INFO 2452 --- [main] .s.d.r.c.RepositoryConfigurationDelegate : Finished Spring Data repository scanning in 84ms. Found 6 repository interfaces.
2019-10-18 09:23:00.193  INFO 2452 --- [main] trationDelegate$BeanPostProcessorChecker : Bean 'org.springframework.transaction.annotation.ProxyTransactionManagementConfiguration' of type [org.springframework.transaction.annotation.ProxyTransactionManagementConfiguration$$EnhancerBySpringCGLIB$$9f6e6acb] is not eligible for getting processed by all BeanPostProcessors (for example: not eligible for auto-proxying)
2019-10-18 09:23:00.392  INFO 2452 --- [main] o.s.b.w.embedded.tomcat.TomcatWebServer  : Tomcat initialized with port(s): 8080 (http)
2019-10-18 09:23:00.409  INFO 2452 --- [main] o.apache.catalina.core.StandardService   : Starting service [Tomcat]
2019-10-18 09:23:00.409  INFO 2452 --- [main] org.apache.catalina.core.StandardEngine  : Starting Servlet engine: [Apache Tomcat/9.0.26]
2019-10-18 09:23:00.508  INFO 2452 --- [main] o.a.c.c.C.[Tomcat].[localhost].[/]       : Initializing Spring embedded WebApplicationContext
2019-10-18 09:23:00.508  INFO 2452 --- [main] o.s.web.context.ContextLoader            : Root WebApplicationContext: initialization completed in 1114 ms
2019-10-18 09:23:00.615  INFO 2452 --- [main] com.zaxxer.hikari.HikariDataSource       : HikariPool-1 - Starting...
2019-10-18 09:23:01.221  INFO 2452 --- [main] com.zaxxer.hikari.HikariDataSource       : HikariPool-1 - Start completed.
2019-10-18 09:23:01.264  INFO 2452 --- [main] o.hibernate.jpa.internal.util.LogHelper  : HHH000204: Processing PersistenceUnitInfo [
	name: default
	...]
2019-10-18 09:23:01.309  INFO 2452 --- [main] org.hibernate.Version                    : HHH000412: Hibernate Core {5.3.12.Final}
2019-10-18 09:23:01.310  INFO 2452 --- [main] org.hibernate.cfg.Environment            : HHH000206: hibernate.properties not found
2019-10-18 09:23:01.426  INFO 2452 --- [main] o.hibernate.annotations.common.Version   : HCANN000001: Hibernate Commons Annotations {5.0.4.Final}
2019-10-18 09:23:01.541  INFO 2452 --- [main] org.hibernate.dialect.Dialect            : HHH000400: Using dialect: org.hibernate.dialect.MySQL5Dialect
2019-10-18 09:23:01.987  INFO 2452 --- [main] j.LocalContainerEntityManagerFactoryBean : Initialized JPA EntityManagerFactory for persistence unit 'default'
2019-10-18 09:23:02.332  INFO 2452 --- [main] o.s.s.concurrent.ThreadPoolTaskExecutor  : Initializing ExecutorService 'applicationTaskExecutor'
2019-10-18 09:23:02.356  WARN 2452 --- [main] aWebConfiguration$JpaWebMvcConfiguration : spring.jpa.open-in-view is enabled by default. Therefore, database queries may be performed during view rendering. Explicitly configure spring.jpa.open-in-view to disable this warning
2019-10-18 09:23:02.500  INFO 2452 --- [main] o.s.b.w.embedded.tomcat.TomcatWebServer  : Tomcat started on port(s): 8080 (http) with context path ''
2019-10-18 09:23:02.502  INFO 2452 --- [main] c.j.m.MicroAppServiceApplication         : Started MicroAppServiceApplication in 3.377 seconds (JVM running for 4.526)
2019-10-18 09:23:08.167  INFO 2452 --- [http-nio-8080-exec-1] o.a.c.c.C.[Tomcat].[localhost].[/]       : Initializing Spring DispatcherServlet 'dispatcherServlet'
2019-10-18 09:23:08.168  INFO 2452 --- [http-nio-8080-exec-1] o.s.web.servlet.DispatcherServlet        : Initializing Servlet 'dispatcherServlet'
2019-10-18 09:23:08.172  INFO 2452 --- [http-nio-8080-exec-1] o.s.web.servlet.DispatcherServlet        : Completed initialization in 4 ms
2019-10-18 09:23:08.231  INFO 2452 --- [http-nio-8080-exec-1] o.h.h.i.QueryTranslatorFactoryInitiator  : HHH000397: Using ASTQueryTranslatorFactory
2019-10-18 09:23:08.320  WARN 2452 --- [http-nio-8080-exec-1] o.h.engine.jdbc.spi.SqlExceptionHelper   : SQL Error: 1054, SQLState: 42S22
2019-10-18 09:23:08.320 ERROR 2452 --- [http-nio-8080-exec-1] o.h.engine.jdbc.spi.SqlExceptionHelper   : Unknown column 'person0_.id_person' in 'field list'
2019-10-18 09:24:41.718  INFO 2452 --- [RMI TCP Connection(12)-127.0.0.1] inMXBeanRegistrar$SpringApplicationAdmin : Application shutdown requested.
2019-10-18 09:24:41.721  INFO 2452 --- [RMI TCP Connection(12)-127.0.0.1] o.s.s.concurrent.ThreadPoolTaskExecutor  : Shutting down ExecutorService 'applicationTaskExecutor'
2019-10-18 09:24:41.722  INFO 2452 --- [RMI TCP Connection(12)-127.0.0.1] j.LocalContainerEntityManagerFactoryBean : Closing JPA EntityManagerFactory for persistence unit 'default'
2019-10-18 09:24:41.724  INFO 2452 --- [RMI TCP Connection(12)-127.0.0.1] com.zaxxer.hikari.HikariDataSource       : HikariPool-1 - Shutdown initiated...
2019-10-18 09:24:41.728  INFO 2452 --- [RMI TCP Connection(12)-127.0.0.1] com.zaxxer.hikari.HikariDataSource       : HikariPool-1 - Shutdown completed.
2019-10-18 09:25:04.991  INFO 15752 --- [main] c.j.m.MicroAppServiceApplication         : Starting MicroAppServiceApplication on 50HW015964 with PID 15752 (C:\Users\1757749\Documents\GitHubRepository\MicroAppService\micro-app-service\bin\main started by 1757749 in C:\Users\1757749\Documents\GitHubRepository\MicroAppService\micro-app-service)
2019-10-18 09:25:04.993  INFO 15752 --- [main] c.j.m.MicroAppServiceApplication         : No active profile set, falling back to default profiles: default
2019-10-18 09:25:05.434  INFO 15752 --- [main] .s.d.r.c.RepositoryConfigurationDelegate : Bootstrapping Spring Data repositories in DEFAULT mode.
2019-10-18 09:25:05.500  INFO 15752 --- [main] .s.d.r.c.RepositoryConfigurationDelegate : Finished Spring Data repository scanning in 61ms. Found 6 repository interfaces.
2019-10-18 09:25:05.707  INFO 15752 --- [main] trationDelegate$BeanPostProcessorChecker : Bean 'org.springframework.transaction.annotation.ProxyTransactionManagementConfiguration' of type [org.springframework.transaction.annotation.ProxyTransactionManagementConfiguration$$EnhancerBySpringCGLIB$$3a19c841] is not eligible for getting processed by all BeanPostProcessors (for example: not eligible for auto-proxying)
2019-10-18 09:25:05.899  INFO 15752 --- [main] o.s.b.w.embedded.tomcat.TomcatWebServer  : Tomcat initialized with port(s): 8080 (http)
2019-10-18 09:25:05.916  INFO 15752 --- [main] o.apache.catalina.core.StandardService   : Starting service [Tomcat]
2019-10-18 09:25:05.917  INFO 15752 --- [main] org.apache.catalina.core.StandardEngine  : Starting Servlet engine: [Apache Tomcat/9.0.26]
2019-10-18 09:25:06.013  INFO 15752 --- [main] o.a.c.c.C.[Tomcat].[localhost].[/]       : Initializing Spring embedded WebApplicationContext
2019-10-18 09:25:06.013  INFO 15752 --- [main] o.s.web.context.ContextLoader            : Root WebApplicationContext: initialization completed in 997 ms
2019-10-18 09:25:06.121  INFO 15752 --- [main] com.zaxxer.hikari.HikariDataSource       : HikariPool-1 - Starting...
2019-10-18 09:25:06.705  INFO 15752 --- [main] com.zaxxer.hikari.HikariDataSource       : HikariPool-1 - Start completed.
2019-10-18 09:25:06.747  INFO 15752 --- [main] o.hibernate.jpa.internal.util.LogHelper  : HHH000204: Processing PersistenceUnitInfo [
	name: default
	...]
2019-10-18 09:25:06.787  INFO 15752 --- [main] org.hibernate.Version                    : HHH000412: Hibernate Core {5.3.12.Final}
2019-10-18 09:25:06.788  INFO 15752 --- [main] org.hibernate.cfg.Environment            : HHH000206: hibernate.properties not found
2019-10-18 09:25:06.900  INFO 15752 --- [main] o.hibernate.annotations.common.Version   : HCANN000001: Hibernate Commons Annotations {5.0.4.Final}
2019-10-18 09:25:07.025  INFO 15752 --- [main] org.hibernate.dialect.Dialect            : HHH000400: Using dialect: org.hibernate.dialect.MySQL5Dialect
2019-10-18 09:25:07.474  INFO 15752 --- [main] j.LocalContainerEntityManagerFactoryBean : Initialized JPA EntityManagerFactory for persistence unit 'default'
2019-10-18 09:25:07.804  INFO 15752 --- [main] o.s.s.concurrent.ThreadPoolTaskExecutor  : Initializing ExecutorService 'applicationTaskExecutor'
2019-10-18 09:25:07.825  WARN 15752 --- [main] aWebConfiguration$JpaWebMvcConfiguration : spring.jpa.open-in-view is enabled by default. Therefore, database queries may be performed during view rendering. Explicitly configure spring.jpa.open-in-view to disable this warning
2019-10-18 09:25:07.959  INFO 15752 --- [main] o.s.b.w.embedded.tomcat.TomcatWebServer  : Tomcat started on port(s): 8080 (http) with context path ''
2019-10-18 09:25:07.961  INFO 15752 --- [main] c.j.m.MicroAppServiceApplication         : Started MicroAppServiceApplication in 3.212 seconds (JVM running for 4.354)
2019-10-18 09:25:11.958  INFO 15752 --- [http-nio-8080-exec-1] o.a.c.c.C.[Tomcat].[localhost].[/]       : Initializing Spring DispatcherServlet 'dispatcherServlet'
2019-10-18 09:25:11.958  INFO 15752 --- [http-nio-8080-exec-1] o.s.web.servlet.DispatcherServlet        : Initializing Servlet 'dispatcherServlet'
2019-10-18 09:25:11.963  INFO 15752 --- [http-nio-8080-exec-1] o.s.web.servlet.DispatcherServlet        : Completed initialization in 4 ms
2019-10-18 09:25:12.016  INFO 15752 --- [http-nio-8080-exec-1] o.h.h.i.QueryTranslatorFactoryInitiator  : HHH000397: Using ASTQueryTranslatorFactory
2019-10-18 09:25:12.101  WARN 15752 --- [http-nio-8080-exec-1] o.h.engine.jdbc.spi.SqlExceptionHelper   : SQL Error: 1054, SQLState: 42S22
2019-10-18 09:25:12.101 ERROR 15752 --- [http-nio-8080-exec-1] o.h.engine.jdbc.spi.SqlExceptionHelper   : Unknown column 'person0_.id_person' in 'field list'
2019-10-18 09:25:31.499  INFO 15752 --- [RMI TCP Connection(7)-127.0.0.1] inMXBeanRegistrar$SpringApplicationAdmin : Application shutdown requested.
2019-10-18 09:25:31.503  INFO 15752 --- [RMI TCP Connection(7)-127.0.0.1] o.s.s.concurrent.ThreadPoolTaskExecutor  : Shutting down ExecutorService 'applicationTaskExecutor'
2019-10-18 09:25:31.506  INFO 15752 --- [RMI TCP Connection(7)-127.0.0.1] j.LocalContainerEntityManagerFactoryBean : Closing JPA EntityManagerFactory for persistence unit 'default'
2019-10-18 09:25:31.509  INFO 15752 --- [RMI TCP Connection(7)-127.0.0.1] com.zaxxer.hikari.HikariDataSource       : HikariPool-1 - Shutdown initiated...
2019-10-18 09:25:31.514  INFO 15752 --- [RMI TCP Connection(7)-127.0.0.1] com.zaxxer.hikari.HikariDataSource       : HikariPool-1 - Shutdown completed.
2019-10-18 09:25:38.574  INFO 18720 --- [main] c.j.m.MicroAppServiceApplication         : Starting MicroAppServiceApplication on 50HW015964 with PID 18720 (C:\Users\1757749\Documents\GitHubRepository\MicroAppService\micro-app-service\bin\main started by 1757749 in C:\Users\1757749\Documents\GitHubRepository\MicroAppService\micro-app-service)
2019-10-18 09:25:38.576  INFO 18720 --- [main] c.j.m.MicroAppServiceApplication         : No active profile set, falling back to default profiles: default
2019-10-18 09:25:39.007  INFO 18720 --- [main] .s.d.r.c.RepositoryConfigurationDelegate : Bootstrapping Spring Data repositories in DEFAULT mode.
2019-10-18 09:25:39.067  INFO 18720 --- [main] .s.d.r.c.RepositoryConfigurationDelegate : Finished Spring Data repository scanning in 56ms. Found 6 repository interfaces.
2019-10-18 09:25:39.262  INFO 18720 --- [main] trationDelegate$BeanPostProcessorChecker : Bean 'org.springframework.transaction.annotation.ProxyTransactionManagementConfiguration' of type [org.springframework.transaction.annotation.ProxyTransactionManagementConfiguration$$EnhancerBySpringCGLIB$$84f7773b] is not eligible for getting processed by all BeanPostProcessors (for example: not eligible for auto-proxying)
2019-10-18 09:25:39.448  INFO 18720 --- [main] o.s.b.w.embedded.tomcat.TomcatWebServer  : Tomcat initialized with port(s): 8080 (http)
2019-10-18 09:25:39.464  INFO 18720 --- [main] o.apache.catalina.core.StandardService   : Starting service [Tomcat]
2019-10-18 09:25:39.465  INFO 18720 --- [main] org.apache.catalina.core.StandardEngine  : Starting Servlet engine: [Apache Tomcat/9.0.26]
2019-10-18 09:25:39.563  INFO 18720 --- [main] o.a.c.c.C.[Tomcat].[localhost].[/]       : Initializing Spring embedded WebApplicationContext
2019-10-18 09:25:39.563  INFO 18720 --- [main] o.s.web.context.ContextLoader            : Root WebApplicationContext: initialization completed in 960 ms
2019-10-18 09:25:39.671  INFO 18720 --- [main] com.zaxxer.hikari.HikariDataSource       : HikariPool-1 - Starting...
2019-10-18 09:25:40.274  INFO 18720 --- [main] com.zaxxer.hikari.HikariDataSource       : HikariPool-1 - Start completed.
2019-10-18 09:25:40.314  INFO 18720 --- [main] o.hibernate.jpa.internal.util.LogHelper  : HHH000204: Processing PersistenceUnitInfo [
	name: default
	...]
2019-10-18 09:25:40.353  INFO 18720 --- [main] org.hibernate.Version                    : HHH000412: Hibernate Core {5.3.12.Final}
2019-10-18 09:25:40.354  INFO 18720 --- [main] org.hibernate.cfg.Environment            : HHH000206: hibernate.properties not found
2019-10-18 09:25:40.469  INFO 18720 --- [main] o.hibernate.annotations.common.Version   : HCANN000001: Hibernate Commons Annotations {5.0.4.Final}
2019-10-18 09:25:40.576  INFO 18720 --- [main] org.hibernate.dialect.Dialect            : HHH000400: Using dialect: org.hibernate.dialect.MySQL5Dialect
2019-10-18 09:25:41.002  INFO 18720 --- [main] j.LocalContainerEntityManagerFactoryBean : Initialized JPA EntityManagerFactory for persistence unit 'default'
2019-10-18 09:25:41.332  INFO 18720 --- [main] o.s.s.concurrent.ThreadPoolTaskExecutor  : Initializing ExecutorService 'applicationTaskExecutor'
2019-10-18 09:25:41.354  WARN 18720 --- [main] aWebConfiguration$JpaWebMvcConfiguration : spring.jpa.open-in-view is enabled by default. Therefore, database queries may be performed during view rendering. Explicitly configure spring.jpa.open-in-view to disable this warning
2019-10-18 09:25:41.512  INFO 18720 --- [main] o.s.b.w.embedded.tomcat.TomcatWebServer  : Tomcat started on port(s): 8080 (http) with context path ''
2019-10-18 09:25:41.514  INFO 18720 --- [main] c.j.m.MicroAppServiceApplication         : Started MicroAppServiceApplication in 3.19 seconds (JVM running for 4.363)
2019-10-18 09:25:45.506  INFO 18720 --- [http-nio-8080-exec-1] o.a.c.c.C.[Tomcat].[localhost].[/]       : Initializing Spring DispatcherServlet 'dispatcherServlet'
2019-10-18 09:25:45.507  INFO 18720 --- [http-nio-8080-exec-1] o.s.web.servlet.DispatcherServlet        : Initializing Servlet 'dispatcherServlet'
2019-10-18 09:25:45.512  INFO 18720 --- [http-nio-8080-exec-1] o.s.web.servlet.DispatcherServlet        : Completed initialization in 5 ms
2019-10-18 09:25:45.572  INFO 18720 --- [http-nio-8080-exec-1] o.h.h.i.QueryTranslatorFactoryInitiator  : HHH000397: Using ASTQueryTranslatorFactory
2019-10-18 09:25:45.661  WARN 18720 --- [http-nio-8080-exec-1] o.h.engine.jdbc.spi.SqlExceptionHelper   : SQL Error: 1054, SQLState: 42S22
2019-10-18 09:25:45.661 ERROR 18720 --- [http-nio-8080-exec-1] o.h.engine.jdbc.spi.SqlExceptionHelper   : Unknown column 'person0_.id_person' in 'field list'
2019-10-18 09:27:41.321  INFO 18720 --- [RMI TCP Connection(11)-127.0.0.1] inMXBeanRegistrar$SpringApplicationAdmin : Application shutdown requested.
2019-10-18 09:27:41.323  INFO 18720 --- [RMI TCP Connection(11)-127.0.0.1] o.s.s.concurrent.ThreadPoolTaskExecutor  : Shutting down ExecutorService 'applicationTaskExecutor'
2019-10-18 09:27:41.324  INFO 18720 --- [RMI TCP Connection(11)-127.0.0.1] j.LocalContainerEntityManagerFactoryBean : Closing JPA EntityManagerFactory for persistence unit 'default'
2019-10-18 09:27:41.325  INFO 18720 --- [RMI TCP Connection(11)-127.0.0.1] com.zaxxer.hikari.HikariDataSource       : HikariPool-1 - Shutdown initiated...
2019-10-18 09:27:41.329  INFO 18720 --- [RMI TCP Connection(11)-127.0.0.1] com.zaxxer.hikari.HikariDataSource       : HikariPool-1 - Shutdown completed.
2019-10-18 09:28:08.619  INFO 14648 --- [main] c.j.m.MicroAppServiceApplication         : Starting MicroAppServiceApplication on 50HW015964 with PID 14648 (C:\Users\1757749\Documents\GitHubRepository\MicroAppService\micro-app-service\bin\main started by 1757749 in C:\Users\1757749\Documents\GitHubRepository\MicroAppService\micro-app-service)
2019-10-18 09:28:08.622  INFO 14648 --- [main] c.j.m.MicroAppServiceApplication         : No active profile set, falling back to default profiles: default
2019-10-18 09:28:09.152  INFO 14648 --- [main] .s.d.r.c.RepositoryConfigurationDelegate : Bootstrapping Spring Data repositories in DEFAULT mode.
2019-10-18 09:28:09.230  INFO 14648 --- [main] .s.d.r.c.RepositoryConfigurationDelegate : Finished Spring Data repository scanning in 72ms. Found 6 repository interfaces.
2019-10-18 09:28:09.465  INFO 14648 --- [main] trationDelegate$BeanPostProcessorChecker : Bean 'org.springframework.transaction.annotation.ProxyTransactionManagementConfiguration' of type [org.springframework.transaction.annotation.ProxyTransactionManagementConfiguration$$EnhancerBySpringCGLIB$$bc35f2ce] is not eligible for getting processed by all BeanPostProcessors (for example: not eligible for auto-proxying)
2019-10-18 09:28:09.697  INFO 14648 --- [main] o.s.b.w.embedded.tomcat.TomcatWebServer  : Tomcat initialized with port(s): 8080 (http)
2019-10-18 09:28:09.716  INFO 14648 --- [main] o.apache.catalina.core.StandardService   : Starting service [Tomcat]
2019-10-18 09:28:09.716  INFO 14648 --- [main] org.apache.catalina.core.StandardEngine  : Starting Servlet engine: [Apache Tomcat/9.0.26]
2019-10-18 09:28:09.820  INFO 14648 --- [main] o.a.c.c.C.[Tomcat].[localhost].[/]       : Initializing Spring embedded WebApplicationContext
2019-10-18 09:28:09.820  INFO 14648 --- [main] o.s.web.context.ContextLoader            : Root WebApplicationContext: initialization completed in 1166 ms
2019-10-18 09:28:09.946  INFO 14648 --- [main] com.zaxxer.hikari.HikariDataSource       : HikariPool-1 - Starting...
2019-10-18 09:28:10.552  INFO 14648 --- [main] com.zaxxer.hikari.HikariDataSource       : HikariPool-1 - Start completed.
2019-10-18 09:28:10.597  INFO 14648 --- [main] o.hibernate.jpa.internal.util.LogHelper  : HHH000204: Processing PersistenceUnitInfo [
	name: default
	...]
2019-10-18 09:28:10.644  INFO 14648 --- [main] org.hibernate.Version                    : HHH000412: Hibernate Core {5.3.12.Final}
2019-10-18 09:28:10.645  INFO 14648 --- [main] org.hibernate.cfg.Environment            : HHH000206: hibernate.properties not found
2019-10-18 09:28:10.781  INFO 14648 --- [main] o.hibernate.annotations.common.Version   : HCANN000001: Hibernate Commons Annotations {5.0.4.Final}
2019-10-18 09:28:10.912  INFO 14648 --- [main] org.hibernate.dialect.Dialect            : HHH000400: Using dialect: org.hibernate.dialect.MySQL5Dialect
2019-10-18 09:28:11.453  INFO 14648 --- [main] j.LocalContainerEntityManagerFactoryBean : Initialized JPA EntityManagerFactory for persistence unit 'default'
2019-10-18 09:28:11.871  INFO 14648 --- [main] o.s.s.concurrent.ThreadPoolTaskExecutor  : Initializing ExecutorService 'applicationTaskExecutor'
2019-10-18 09:28:11.899  WARN 14648 --- [main] aWebConfiguration$JpaWebMvcConfiguration : spring.jpa.open-in-view is enabled by default. Therefore, database queries may be performed during view rendering. Explicitly configure spring.jpa.open-in-view to disable this warning
2019-10-18 09:28:12.065  INFO 14648 --- [main] o.s.b.w.embedded.tomcat.TomcatWebServer  : Tomcat started on port(s): 8080 (http) with context path ''
2019-10-18 09:28:12.067  INFO 14648 --- [main] c.j.m.MicroAppServiceApplication         : Started MicroAppServiceApplication in 3.734 seconds (JVM running for 4.978)
2019-10-18 09:28:17.388  INFO 14648 --- [http-nio-8080-exec-1] o.a.c.c.C.[Tomcat].[localhost].[/]       : Initializing Spring DispatcherServlet 'dispatcherServlet'
2019-10-18 09:28:17.389  INFO 14648 --- [http-nio-8080-exec-1] o.s.web.servlet.DispatcherServlet        : Initializing Servlet 'dispatcherServlet'
2019-10-18 09:28:17.395  INFO 14648 --- [http-nio-8080-exec-1] o.s.web.servlet.DispatcherServlet        : Completed initialization in 6 ms
2019-10-18 09:28:24.324  INFO 14648 --- [http-nio-8080-exec-1] o.h.h.i.QueryTranslatorFactoryInitiator  : HHH000397: Using ASTQueryTranslatorFactory
2019-10-18 09:28:24.444  WARN 14648 --- [http-nio-8080-exec-1] o.h.engine.jdbc.spi.SqlExceptionHelper   : SQL Error: 1054, SQLState: 42S22
2019-10-18 09:28:24.444 ERROR 14648 --- [http-nio-8080-exec-1] o.h.engine.jdbc.spi.SqlExceptionHelper   : Unknown column 'person0_.id_person' in 'field list'
2019-10-18 09:30:51.886  INFO 14648 --- [RMI TCP Connection(14)-127.0.0.1] inMXBeanRegistrar$SpringApplicationAdmin : Application shutdown requested.
2019-10-18 09:30:51.890  INFO 14648 --- [RMI TCP Connection(14)-127.0.0.1] o.s.s.concurrent.ThreadPoolTaskExecutor  : Shutting down ExecutorService 'applicationTaskExecutor'
2019-10-18 09:30:51.891  INFO 14648 --- [RMI TCP Connection(14)-127.0.0.1] j.LocalContainerEntityManagerFactoryBean : Closing JPA EntityManagerFactory for persistence unit 'default'
2019-10-18 09:30:51.893  INFO 14648 --- [RMI TCP Connection(14)-127.0.0.1] com.zaxxer.hikari.HikariDataSource       : HikariPool-1 - Shutdown initiated...
2019-10-18 09:30:51.897  INFO 14648 --- [RMI TCP Connection(14)-127.0.0.1] com.zaxxer.hikari.HikariDataSource       : HikariPool-1 - Shutdown completed.
2019-10-18 09:31:25.140  INFO 9396 --- [main] c.j.m.MicroAppServiceApplication         : Starting MicroAppServiceApplication on 50HW015964 with PID 9396 (C:\Users\1757749\Documents\GitHubRepository\MicroAppService\micro-app-service\bin\main started by 1757749 in C:\Users\1757749\Documents\GitHubRepository\MicroAppService\micro-app-service)
2019-10-18 09:31:25.144  INFO 9396 --- [main] c.j.m.MicroAppServiceApplication         : No active profile set, falling back to default profiles: default
2019-10-18 09:31:25.670  INFO 9396 --- [main] .s.d.r.c.RepositoryConfigurationDelegate : Bootstrapping Spring Data repositories in DEFAULT mode.
2019-10-18 09:31:25.746  INFO 9396 --- [main] .s.d.r.c.RepositoryConfigurationDelegate : Finished Spring Data repository scanning in 70ms. Found 6 repository interfaces.
2019-10-18 09:31:25.974  INFO 9396 --- [main] trationDelegate$BeanPostProcessorChecker : Bean 'org.springframework.transaction.annotation.ProxyTransactionManagementConfiguration' of type [org.springframework.transaction.annotation.ProxyTransactionManagementConfiguration$$EnhancerBySpringCGLIB$$4f8b4b4] is not eligible for getting processed by all BeanPostProcessors (for example: not eligible for auto-proxying)
2019-10-18 09:31:26.199  INFO 9396 --- [main] o.s.b.w.embedded.tomcat.TomcatWebServer  : Tomcat initialized with port(s): 8080 (http)
2019-10-18 09:31:26.215  INFO 9396 --- [main] o.apache.catalina.core.StandardService   : Starting service [Tomcat]
2019-10-18 09:31:26.215  INFO 9396 --- [main] org.apache.catalina.core.StandardEngine  : Starting Servlet engine: [Apache Tomcat/9.0.26]
2019-10-18 09:31:26.318  INFO 9396 --- [main] o.a.c.c.C.[Tomcat].[localhost].[/]       : Initializing Spring embedded WebApplicationContext
2019-10-18 09:31:26.319  INFO 9396 --- [main] o.s.web.context.ContextLoader            : Root WebApplicationContext: initialization completed in 1144 ms
2019-10-18 09:31:26.445  INFO 9396 --- [main] com.zaxxer.hikari.HikariDataSource       : HikariPool-1 - Starting...
2019-10-18 09:31:27.061  INFO 9396 --- [main] com.zaxxer.hikari.HikariDataSource       : HikariPool-1 - Start completed.
2019-10-18 09:31:27.106  INFO 9396 --- [main] o.hibernate.jpa.internal.util.LogHelper  : HHH000204: Processing PersistenceUnitInfo [
	name: default
	...]
2019-10-18 09:31:27.155  INFO 9396 --- [main] org.hibernate.Version                    : HHH000412: Hibernate Core {5.3.12.Final}
2019-10-18 09:31:27.156  INFO 9396 --- [main] org.hibernate.cfg.Environment            : HHH000206: hibernate.properties not found
2019-10-18 09:31:27.315  INFO 9396 --- [main] o.hibernate.annotations.common.Version   : HCANN000001: Hibernate Commons Annotations {5.0.4.Final}
2019-10-18 09:31:27.450  INFO 9396 --- [main] org.hibernate.dialect.Dialect            : HHH000400: Using dialect: org.hibernate.dialect.MySQL5Dialect
2019-10-18 09:31:27.990  INFO 9396 --- [main] j.LocalContainerEntityManagerFactoryBean : Initialized JPA EntityManagerFactory for persistence unit 'default'
2019-10-18 09:31:28.393  INFO 9396 --- [main] o.s.s.concurrent.ThreadPoolTaskExecutor  : Initializing ExecutorService 'applicationTaskExecutor'
2019-10-18 09:31:28.421  WARN 9396 --- [main] aWebConfiguration$JpaWebMvcConfiguration : spring.jpa.open-in-view is enabled by default. Therefore, database queries may be performed during view rendering. Explicitly configure spring.jpa.open-in-view to disable this warning
2019-10-18 09:31:28.579  INFO 9396 --- [main] o.s.b.w.embedded.tomcat.TomcatWebServer  : Tomcat started on port(s): 8080 (http) with context path ''
2019-10-18 09:31:28.582  INFO 9396 --- [main] c.j.m.MicroAppServiceApplication         : Started MicroAppServiceApplication in 3.738 seconds (JVM running for 4.987)
2019-10-18 09:31:31.650  INFO 9396 --- [http-nio-8080-exec-1] o.a.c.c.C.[Tomcat].[localhost].[/]       : Initializing Spring DispatcherServlet 'dispatcherServlet'
2019-10-18 09:31:31.651  INFO 9396 --- [http-nio-8080-exec-1] o.s.web.servlet.DispatcherServlet        : Initializing Servlet 'dispatcherServlet'
2019-10-18 09:31:31.658  INFO 9396 --- [http-nio-8080-exec-1] o.s.web.servlet.DispatcherServlet        : Completed initialization in 7 ms
2019-10-18 09:31:40.383  INFO 9396 --- [http-nio-8080-exec-1] o.h.h.i.QueryTranslatorFactoryInitiator  : HHH000397: Using ASTQueryTranslatorFactory
2019-10-18 09:33:19.305  INFO 9396 --- [RMI TCP Connection(14)-127.0.0.1] inMXBeanRegistrar$SpringApplicationAdmin : Application shutdown requested.
2019-10-18 09:33:19.308  INFO 9396 --- [RMI TCP Connection(14)-127.0.0.1] o.s.s.concurrent.ThreadPoolTaskExecutor  : Shutting down ExecutorService 'applicationTaskExecutor'
2019-10-18 09:33:19.309  INFO 9396 --- [RMI TCP Connection(14)-127.0.0.1] j.LocalContainerEntityManagerFactoryBean : Closing JPA EntityManagerFactory for persistence unit 'default'
2019-10-18 09:33:19.310  INFO 9396 --- [RMI TCP Connection(14)-127.0.0.1] com.zaxxer.hikari.HikariDataSource       : HikariPool-1 - Shutdown initiated...
2019-10-18 09:33:19.314  INFO 9396 --- [RMI TCP Connection(14)-127.0.0.1] com.zaxxer.hikari.HikariDataSource       : HikariPool-1 - Shutdown completed.
2019-10-18 09:49:21.591  INFO 14880 --- [main] c.j.m.MicroAppServiceApplication         : Starting MicroAppServiceApplication on 50HW015964 with PID 14880 (C:\Users\1757749\Documents\GitHubRepository\MicroAppService\micro-app-service\bin\main started by 1757749 in C:\Users\1757749\Documents\GitHubRepository\MicroAppService\micro-app-service)
2019-10-18 09:49:21.593  INFO 14880 --- [main] c.j.m.MicroAppServiceApplication         : No active profile set, falling back to default profiles: default
2019-10-18 09:49:22.031  INFO 14880 --- [main] .s.d.r.c.RepositoryConfigurationDelegate : Bootstrapping Spring Data repositories in DEFAULT mode.
2019-10-18 09:49:22.094  INFO 14880 --- [main] .s.d.r.c.RepositoryConfigurationDelegate : Finished Spring Data repository scanning in 58ms. Found 6 repository interfaces.
2019-10-18 09:49:22.297  INFO 14880 --- [main] trationDelegate$BeanPostProcessorChecker : Bean 'org.springframework.transaction.annotation.ProxyTransactionManagementConfiguration' of type [org.springframework.transaction.annotation.ProxyTransactionManagementConfiguration$$EnhancerBySpringCGLIB$$a75777e8] is not eligible for getting processed by all BeanPostProcessors (for example: not eligible for auto-proxying)
2019-10-18 09:49:22.489  INFO 14880 --- [main] o.s.b.w.embedded.tomcat.TomcatWebServer  : Tomcat initialized with port(s): 8080 (http)
2019-10-18 09:49:22.504  INFO 14880 --- [main] o.apache.catalina.core.StandardService   : Starting service [Tomcat]
2019-10-18 09:49:22.504  INFO 14880 --- [main] org.apache.catalina.core.StandardEngine  : Starting Servlet engine: [Apache Tomcat/9.0.26]
2019-10-18 09:49:22.602  INFO 14880 --- [main] o.a.c.c.C.[Tomcat].[localhost].[/]       : Initializing Spring embedded WebApplicationContext
2019-10-18 09:49:22.603  INFO 14880 --- [main] o.s.web.context.ContextLoader            : Root WebApplicationContext: initialization completed in 982 ms
2019-10-18 09:49:22.712  INFO 14880 --- [main] com.zaxxer.hikari.HikariDataSource       : HikariPool-1 - Starting...
2019-10-18 09:49:23.327  INFO 14880 --- [main] com.zaxxer.hikari.HikariDataSource       : HikariPool-1 - Start completed.
2019-10-18 09:49:23.367  INFO 14880 --- [main] o.hibernate.jpa.internal.util.LogHelper  : HHH000204: Processing PersistenceUnitInfo [
	name: default
	...]
2019-10-18 09:49:23.405  INFO 14880 --- [main] org.hibernate.Version                    : HHH000412: Hibernate Core {5.3.12.Final}
2019-10-18 09:49:23.406  INFO 14880 --- [main] org.hibernate.cfg.Environment            : HHH000206: hibernate.properties not found
2019-10-18 09:49:23.512  INFO 14880 --- [main] o.hibernate.annotations.common.Version   : HCANN000001: Hibernate Commons Annotations {5.0.4.Final}
2019-10-18 09:49:23.624  INFO 14880 --- [main] org.hibernate.dialect.Dialect            : HHH000400: Using dialect: org.hibernate.dialect.MySQL5Dialect
2019-10-18 09:49:24.051  INFO 14880 --- [main] j.LocalContainerEntityManagerFactoryBean : Initialized JPA EntityManagerFactory for persistence unit 'default'
2019-10-18 09:49:24.396  INFO 14880 --- [main] o.s.s.concurrent.ThreadPoolTaskExecutor  : Initializing ExecutorService 'applicationTaskExecutor'
2019-10-18 09:49:24.419  WARN 14880 --- [main] aWebConfiguration$JpaWebMvcConfiguration : spring.jpa.open-in-view is enabled by default. Therefore, database queries may be performed during view rendering. Explicitly configure spring.jpa.open-in-view to disable this warning
2019-10-18 09:49:24.597  INFO 14880 --- [main] o.s.b.w.embedded.tomcat.TomcatWebServer  : Tomcat started on port(s): 8080 (http) with context path ''
2019-10-18 09:49:24.599  INFO 14880 --- [main] c.j.m.MicroAppServiceApplication         : Started MicroAppServiceApplication in 3.246 seconds (JVM running for 4.405)
2019-10-18 09:49:30.348  INFO 14880 --- [http-nio-8080-exec-1] o.a.c.c.C.[Tomcat].[localhost].[/]       : Initializing Spring DispatcherServlet 'dispatcherServlet'
2019-10-18 09:49:30.348  INFO 14880 --- [http-nio-8080-exec-1] o.s.web.servlet.DispatcherServlet        : Initializing Servlet 'dispatcherServlet'
2019-10-18 09:49:30.353  INFO 14880 --- [http-nio-8080-exec-1] o.s.web.servlet.DispatcherServlet        : Completed initialization in 5 ms
2019-10-18 09:49:30.407  INFO 14880 --- [http-nio-8080-exec-1] o.h.h.i.QueryTranslatorFactoryInitiator  : HHH000397: Using ASTQueryTranslatorFactory
2019-10-18 09:50:14.791  INFO 14880 --- [RMI TCP Connection(9)-127.0.0.1] inMXBeanRegistrar$SpringApplicationAdmin : Application shutdown requested.
2019-10-18 09:50:14.793  INFO 14880 --- [RMI TCP Connection(9)-127.0.0.1] o.s.s.concurrent.ThreadPoolTaskExecutor  : Shutting down ExecutorService 'applicationTaskExecutor'
2019-10-18 09:50:14.794  INFO 14880 --- [RMI TCP Connection(9)-127.0.0.1] j.LocalContainerEntityManagerFactoryBean : Closing JPA EntityManagerFactory for persistence unit 'default'
2019-10-18 09:50:14.796  INFO 14880 --- [RMI TCP Connection(9)-127.0.0.1] com.zaxxer.hikari.HikariDataSource       : HikariPool-1 - Shutdown initiated...
2019-10-18 09:50:14.799  INFO 14880 --- [RMI TCP Connection(9)-127.0.0.1] com.zaxxer.hikari.HikariDataSource       : HikariPool-1 - Shutdown completed.
2019-10-18 09:50:20.849  INFO 22996 --- [main] c.j.m.MicroAppServiceApplication         : Starting MicroAppServiceApplication on 50HW015964 with PID 22996 (C:\Users\1757749\Documents\GitHubRepository\MicroAppService\micro-app-service\bin\main started by 1757749 in C:\Users\1757749\Documents\GitHubRepository\MicroAppService\micro-app-service)
2019-10-18 09:50:20.853  INFO 22996 --- [main] c.j.m.MicroAppServiceApplication         : No active profile set, falling back to default profiles: default
2019-10-18 09:50:21.370  INFO 22996 --- [main] .s.d.r.c.RepositoryConfigurationDelegate : Bootstrapping Spring Data repositories in DEFAULT mode.
2019-10-18 09:50:21.445  INFO 22996 --- [main] .s.d.r.c.RepositoryConfigurationDelegate : Finished Spring Data repository scanning in 69ms. Found 6 repository interfaces.
2019-10-18 09:50:21.681  INFO 22996 --- [main] trationDelegate$BeanPostProcessorChecker : Bean 'org.springframework.transaction.annotation.ProxyTransactionManagementConfiguration' of type [org.springframework.transaction.annotation.ProxyTransactionManagementConfiguration$$EnhancerBySpringCGLIB$$18d441f4] is not eligible for getting processed by all BeanPostProcessors (for example: not eligible for auto-proxying)
2019-10-18 09:50:21.908  INFO 22996 --- [main] o.s.b.w.embedded.tomcat.TomcatWebServer  : Tomcat initialized with port(s): 8080 (http)
2019-10-18 09:50:21.929  INFO 22996 --- [main] o.apache.catalina.core.StandardService   : Starting service [Tomcat]
2019-10-18 09:50:21.932  INFO 22996 --- [main] org.apache.catalina.core.StandardEngine  : Starting Servlet engine: [Apache Tomcat/9.0.26]
2019-10-18 09:50:22.037  INFO 22996 --- [main] o.a.c.c.C.[Tomcat].[localhost].[/]       : Initializing Spring embedded WebApplicationContext
2019-10-18 09:50:22.037  INFO 22996 --- [main] o.s.web.context.ContextLoader            : Root WebApplicationContext: initialization completed in 1155 ms
2019-10-18 09:50:22.169  INFO 22996 --- [main] com.zaxxer.hikari.HikariDataSource       : HikariPool-1 - Starting...
2019-10-18 09:50:22.782  INFO 22996 --- [main] com.zaxxer.hikari.HikariDataSource       : HikariPool-1 - Start completed.
2019-10-18 09:50:22.829  INFO 22996 --- [main] o.hibernate.jpa.internal.util.LogHelper  : HHH000204: Processing PersistenceUnitInfo [
	name: default
	...]
2019-10-18 09:50:22.882  INFO 22996 --- [main] org.hibernate.Version                    : HHH000412: Hibernate Core {5.3.12.Final}
2019-10-18 09:50:22.884  INFO 22996 --- [main] org.hibernate.cfg.Environment            : HHH000206: hibernate.properties not found
2019-10-18 09:50:23.034  INFO 22996 --- [main] o.hibernate.annotations.common.Version   : HCANN000001: Hibernate Commons Annotations {5.0.4.Final}
2019-10-18 09:50:23.169  INFO 22996 --- [main] org.hibernate.dialect.Dialect            : HHH000400: Using dialect: org.hibernate.dialect.MySQL5Dialect
2019-10-18 09:50:23.692  INFO 22996 --- [main] j.LocalContainerEntityManagerFactoryBean : Initialized JPA EntityManagerFactory for persistence unit 'default'
2019-10-18 09:50:24.087  INFO 22996 --- [main] o.s.s.concurrent.ThreadPoolTaskExecutor  : Initializing ExecutorService 'applicationTaskExecutor'
2019-10-18 09:50:24.114  WARN 22996 --- [main] aWebConfiguration$JpaWebMvcConfiguration : spring.jpa.open-in-view is enabled by default. Therefore, database queries may be performed during view rendering. Explicitly configure spring.jpa.open-in-view to disable this warning
2019-10-18 09:50:24.273  INFO 22996 --- [main] o.s.b.w.embedded.tomcat.TomcatWebServer  : Tomcat started on port(s): 8080 (http) with context path ''
2019-10-18 09:50:24.275  INFO 22996 --- [main] c.j.m.MicroAppServiceApplication         : Started MicroAppServiceApplication in 3.734 seconds (JVM running for 5.007)
2019-10-18 09:50:33.871  INFO 22996 --- [http-nio-8080-exec-1] o.a.c.c.C.[Tomcat].[localhost].[/]       : Initializing Spring DispatcherServlet 'dispatcherServlet'
2019-10-18 09:50:33.871  INFO 22996 --- [http-nio-8080-exec-1] o.s.web.servlet.DispatcherServlet        : Initializing Servlet 'dispatcherServlet'
2019-10-18 09:50:33.878  INFO 22996 --- [http-nio-8080-exec-1] o.s.web.servlet.DispatcherServlet        : Completed initialization in 7 ms
2019-10-18 09:50:33.944  INFO 22996 --- [http-nio-8080-exec-1] o.h.h.i.QueryTranslatorFactoryInitiator  : HHH000397: Using ASTQueryTranslatorFactory
2019-10-18 09:55:35.674  INFO 22996 --- [RMI TCP Connection(17)-127.0.0.1] inMXBeanRegistrar$SpringApplicationAdmin : Application shutdown requested.
2019-10-18 09:55:35.678  INFO 22996 --- [RMI TCP Connection(17)-127.0.0.1] o.s.s.concurrent.ThreadPoolTaskExecutor  : Shutting down ExecutorService 'applicationTaskExecutor'
2019-10-18 09:55:35.679  INFO 22996 --- [RMI TCP Connection(17)-127.0.0.1] j.LocalContainerEntityManagerFactoryBean : Closing JPA EntityManagerFactory for persistence unit 'default'
2019-10-18 09:55:35.681  INFO 22996 --- [RMI TCP Connection(17)-127.0.0.1] com.zaxxer.hikari.HikariDataSource       : HikariPool-1 - Shutdown initiated...
2019-10-18 09:55:35.686  INFO 22996 --- [RMI TCP Connection(17)-127.0.0.1] com.zaxxer.hikari.HikariDataSource       : HikariPool-1 - Shutdown completed.
2019-10-18 10:00:12.915  INFO 20708 --- [main] c.j.m.MicroAppServiceApplication         : Starting MicroAppServiceApplication on 50HW015964 with PID 20708 (C:\Users\1757749\Documents\GitHubRepository\MicroAppService\micro-app-service\bin\main started by 1757749 in C:\Users\1757749\Documents\GitHubRepository\MicroAppService\micro-app-service)
2019-10-18 10:00:12.917  INFO 20708 --- [main] c.j.m.MicroAppServiceApplication         : No active profile set, falling back to default profiles: default
2019-10-18 10:00:13.371  INFO 20708 --- [main] .s.d.r.c.RepositoryConfigurationDelegate : Bootstrapping Spring Data repositories in DEFAULT mode.
2019-10-18 10:00:13.436  INFO 20708 --- [main] .s.d.r.c.RepositoryConfigurationDelegate : Finished Spring Data repository scanning in 59ms. Found 6 repository interfaces.
2019-10-18 10:00:13.653  INFO 20708 --- [main] trationDelegate$BeanPostProcessorChecker : Bean 'org.springframework.transaction.annotation.ProxyTransactionManagementConfiguration' of type [org.springframework.transaction.annotation.ProxyTransactionManagementConfiguration$$EnhancerBySpringCGLIB$$d7d181d1] is not eligible for getting processed by all BeanPostProcessors (for example: not eligible for auto-proxying)
2019-10-18 10:00:13.842  INFO 20708 --- [main] o.s.b.w.embedded.tomcat.TomcatWebServer  : Tomcat initialized with port(s): 8080 (http)
2019-10-18 10:00:13.858  INFO 20708 --- [main] o.apache.catalina.core.StandardService   : Starting service [Tomcat]
2019-10-18 10:00:13.858  INFO 20708 --- [main] org.apache.catalina.core.StandardEngine  : Starting Servlet engine: [Apache Tomcat/9.0.26]
2019-10-18 10:00:13.954  INFO 20708 --- [main] o.a.c.c.C.[Tomcat].[localhost].[/]       : Initializing Spring embedded WebApplicationContext
2019-10-18 10:00:13.954  INFO 20708 --- [main] o.s.web.context.ContextLoader            : Root WebApplicationContext: initialization completed in 1011 ms
2019-10-18 10:00:14.057  INFO 20708 --- [main] com.zaxxer.hikari.HikariDataSource       : HikariPool-1 - Starting...
2019-10-18 10:00:14.635  INFO 20708 --- [main] com.zaxxer.hikari.HikariDataSource       : HikariPool-1 - Start completed.
2019-10-18 10:00:14.676  INFO 20708 --- [main] o.hibernate.jpa.internal.util.LogHelper  : HHH000204: Processing PersistenceUnitInfo [
	name: default
	...]
2019-10-18 10:00:14.714  INFO 20708 --- [main] org.hibernate.Version                    : HHH000412: Hibernate Core {5.3.12.Final}
2019-10-18 10:00:14.714  INFO 20708 --- [main] org.hibernate.cfg.Environment            : HHH000206: hibernate.properties not found
2019-10-18 10:00:14.821  INFO 20708 --- [main] o.hibernate.annotations.common.Version   : HCANN000001: Hibernate Commons Annotations {5.0.4.Final}
2019-10-18 10:00:14.926  INFO 20708 --- [main] org.hibernate.dialect.Dialect            : HHH000400: Using dialect: org.hibernate.dialect.MySQL5Dialect
2019-10-18 10:00:15.384  INFO 20708 --- [main] j.LocalContainerEntityManagerFactoryBean : Initialized JPA EntityManagerFactory for persistence unit 'default'
2019-10-18 10:00:15.718  INFO 20708 --- [main] o.s.s.concurrent.ThreadPoolTaskExecutor  : Initializing ExecutorService 'applicationTaskExecutor'
2019-10-18 10:00:15.741  WARN 20708 --- [main] aWebConfiguration$JpaWebMvcConfiguration : spring.jpa.open-in-view is enabled by default. Therefore, database queries may be performed during view rendering. Explicitly configure spring.jpa.open-in-view to disable this warning
2019-10-18 10:00:15.875  INFO 20708 --- [main] o.s.b.w.embedded.tomcat.TomcatWebServer  : Tomcat started on port(s): 8080 (http) with context path ''
2019-10-18 10:00:15.877  INFO 20708 --- [main] c.j.m.MicroAppServiceApplication         : Started MicroAppServiceApplication in 3.198 seconds (JVM running for 4.333)
2019-10-18 10:00:20.122  INFO 20708 --- [http-nio-8080-exec-1] o.a.c.c.C.[Tomcat].[localhost].[/]       : Initializing Spring DispatcherServlet 'dispatcherServlet'
2019-10-18 10:00:20.122  INFO 20708 --- [http-nio-8080-exec-1] o.s.web.servlet.DispatcherServlet        : Initializing Servlet 'dispatcherServlet'
2019-10-18 10:00:20.128  INFO 20708 --- [http-nio-8080-exec-1] o.s.web.servlet.DispatcherServlet        : Completed initialization in 5 ms
2019-10-18 10:00:20.180  INFO 20708 --- [http-nio-8080-exec-1] o.h.h.i.QueryTranslatorFactoryInitiator  : HHH000397: Using ASTQueryTranslatorFactory
2019-10-18 10:00:32.756  INFO 20708 --- [RMI TCP Connection(8)-127.0.0.1] inMXBeanRegistrar$SpringApplicationAdmin : Application shutdown requested.
2019-10-18 10:00:32.758  INFO 20708 --- [RMI TCP Connection(8)-127.0.0.1] o.s.s.concurrent.ThreadPoolTaskExecutor  : Shutting down ExecutorService 'applicationTaskExecutor'
2019-10-18 10:00:32.759  INFO 20708 --- [RMI TCP Connection(8)-127.0.0.1] j.LocalContainerEntityManagerFactoryBean : Closing JPA EntityManagerFactory for persistence unit 'default'
2019-10-18 10:00:32.760  INFO 20708 --- [RMI TCP Connection(8)-127.0.0.1] com.zaxxer.hikari.HikariDataSource       : HikariPool-1 - Shutdown initiated...
2019-10-18 10:00:32.763  INFO 20708 --- [RMI TCP Connection(8)-127.0.0.1] com.zaxxer.hikari.HikariDataSource       : HikariPool-1 - Shutdown completed.
